
*** Running vivado
    with args -log top_design_wrapper.vds -m64 -product Vivado -mode batch -messageDb vivado.pb -notrace -source top_design_wrapper.tcl



****** Vivado v2022.2 (64-bit)
  **** SW Build 3671981 on Fri Oct 14 05:00:03 MDT 2022
  **** IP Build 3669848 on Fri Oct 14 08:30:02 MDT 2022
    ** Copyright 1986-2022 Xilinx, Inc. All Rights Reserved.

source top_design_wrapper.tcl -notrace
create_project: Time (s): cpu = 00:00:09 ; elapsed = 00:00:10 . Memory (MB): peak = 381.102 ; gain = 41.344
INFO: [IP_Flow 19-234] Refreshing IP repositories
INFO: [IP_Flow 19-1704] No user IP repositories specified
INFO: [IP_Flow 19-2313] Loaded Vivado IP repository 'C:/Xilinx/Vivado/2022.2/data/ip'.
INFO: [IP_Flow 19-5107] Inferred bus interface 'CLK' of definition 'xilinx.com:signal:clock:1.0' (from Xilinx Repository).
WARNING: [IP_Flow 19-5661] Bus Interface 'CLK' does not have any bus interfaces associated with it.
INFO: [IP_Flow 19-234] Refreshing IP repositories
INFO: [IP_Flow 19-1704] No user IP repositories specified
add_files: Time (s): cpu = 00:00:01 ; elapsed = 00:00:06 . Memory (MB): peak = 419.004 ; gain = 28.824
Command: read_checkpoint -auto_incremental -incremental C:/Users/andy1/fpgaProjects/eeprom_reader/eeprom_reader.srcs/utils_1/imports/synth_1/top.dcp
INFO: [Vivado 12-5825] Read reference checkpoint from C:/Users/andy1/fpgaProjects/eeprom_reader/eeprom_reader.srcs/utils_1/imports/synth_1/top.dcp for incremental synthesis
INFO: [Vivado 12-7989] Please ensure there are no constraint changes
Command: synth_design -top top_design_wrapper -part xc7s50csga324-1
Starting synth_design
Attempting to get a license for feature 'Synthesis' and/or device 'xc7s50'
INFO: [Common 17-349] Got license for feature 'Synthesis' and/or device 'xc7s50'
INFO: [Device 21-403] Loading part xc7s50csga324-1
INFO: [Synth 8-7079] Multithreading enabled for synth_design using a maximum of 2 processes.
INFO: [Synth 8-7078] Launching helper process for spawning children vivado processes
INFO: [Synth 8-7075] Helper process launched with PID 27480
INFO: [Synth 8-11241] undeclared symbol 'REGCCE', assumed default net type 'wire' [C:/Xilinx/Vivado/2022.2/data/verilog/src/unimacro/BRAM_SINGLE_MACRO.v:2170]
---------------------------------------------------------------------------------
Starting RTL Elaboration : Time (s): cpu = 00:00:08 ; elapsed = 00:00:10 . Memory (MB): peak = 1207.031 ; gain = 407.812
---------------------------------------------------------------------------------
INFO: [Synth 8-6157] synthesizing module 'top_design_wrapper' [c:/Users/andy1/fpgaProjects/eeprom_reader/eeprom_reader.gen/sources_1/bd/top_design/hdl/top_design_wrapper.v:12]
INFO: [Synth 8-6157] synthesizing module 'top_design' [c:/Users/andy1/fpgaProjects/eeprom_reader/eeprom_reader.gen/sources_1/bd/top_design/synth/top_design.v:12]
INFO: [Synth 8-6157] synthesizing module 'top_design_top_0_0' [c:/Users/andy1/fpgaProjects/eeprom_reader/eeprom_reader.gen/sources_1/bd/top_design/ip/top_design_top_0_0/synth/top_design_top_0_0.v:53]
INFO: [Synth 8-6157] synthesizing module 'top' [C:/Users/andy1/fpgaProjects/eeprom_reader/eeprom_reader.srcs/sources_1/new/top.v:3]
INFO: [Synth 8-6155] done synthesizing module 'top' (0#1) [C:/Users/andy1/fpgaProjects/eeprom_reader/eeprom_reader.srcs/sources_1/new/top.v:3]
INFO: [Synth 8-6155] done synthesizing module 'top_design_top_0_0' (0#1) [c:/Users/andy1/fpgaProjects/eeprom_reader/eeprom_reader.gen/sources_1/bd/top_design/ip/top_design_top_0_0/synth/top_design_top_0_0.v:53]
INFO: [Synth 8-6157] synthesizing module 'top_design_xlconstant_0_2' [c:/Users/andy1/fpgaProjects/eeprom_reader/eeprom_reader.gen/sources_1/bd/top_design/ip/top_design_xlconstant_0_2/synth/top_design_xlconstant_0_2.v:53]
INFO: [Synth 8-6157] synthesizing module 'xlconstant_v1_1_7_xlconstant' [c:/Users/andy1/fpgaProjects/eeprom_reader/eeprom_reader.gen/sources_1/bd/top_design/ipshared/badb/hdl/xlconstant_v1_1_vl_rfs.v:23]
INFO: [Synth 8-6155] done synthesizing module 'xlconstant_v1_1_7_xlconstant' (0#1) [c:/Users/andy1/fpgaProjects/eeprom_reader/eeprom_reader.gen/sources_1/bd/top_design/ipshared/badb/hdl/xlconstant_v1_1_vl_rfs.v:23]
INFO: [Synth 8-6155] done synthesizing module 'top_design_xlconstant_0_2' (0#1) [c:/Users/andy1/fpgaProjects/eeprom_reader/eeprom_reader.gen/sources_1/bd/top_design/ip/top_design_xlconstant_0_2/synth/top_design_xlconstant_0_2.v:53]
INFO: [Synth 8-6155] done synthesizing module 'top_design' (0#1) [c:/Users/andy1/fpgaProjects/eeprom_reader/eeprom_reader.gen/sources_1/bd/top_design/synth/top_design.v:12]
INFO: [Synth 8-6155] done synthesizing module 'top_design_wrapper' (0#1) [c:/Users/andy1/fpgaProjects/eeprom_reader/eeprom_reader.gen/sources_1/bd/top_design/hdl/top_design_wrapper.v:12]
WARNING: [Synth 8-7129] Port LED[3] in module top is either unconnected or has no load
WARNING: [Synth 8-7129] Port LED[2] in module top is either unconnected or has no load
WARNING: [Synth 8-7129] Port LED[1] in module top is either unconnected or has no load
WARNING: [Synth 8-7129] Port CLK in module top is either unconnected or has no load
---------------------------------------------------------------------------------
Finished RTL Elaboration : Time (s): cpu = 00:00:10 ; elapsed = 00:00:12 . Memory (MB): peak = 1296.613 ; gain = 497.395
---------------------------------------------------------------------------------
---------------------------------------------------------------------------------
Start Handling Custom Attributes
---------------------------------------------------------------------------------
---------------------------------------------------------------------------------
Finished Handling Custom Attributes : Time (s): cpu = 00:00:10 ; elapsed = 00:00:12 . Memory (MB): peak = 1296.613 ; gain = 497.395
---------------------------------------------------------------------------------
---------------------------------------------------------------------------------
Finished RTL Optimization Phase 1 : Time (s): cpu = 00:00:10 ; elapsed = 00:00:12 . Memory (MB): peak = 1296.613 ; gain = 497.395
---------------------------------------------------------------------------------
Netlist sorting complete. Time (s): cpu = 00:00:00 ; elapsed = 00:00:00 . Memory (MB): peak = 1296.613 ; gain = 0.000
INFO: [Project 1-570] Preparing netlist for logic optimization

Processing XDC Constraints
Initializing timing engine
Parsing XDC File [C:/Users/andy1/fpgaProjects/eeprom_reader/eeprom_reader.srcs/constrs_1/new/primary.xdc]
WARNING: [Vivado 12-584] No ports matched 'BTN'. [C:/Users/andy1/fpgaProjects/eeprom_reader/eeprom_reader.srcs/constrs_1/new/primary.xdc:40]
CRITICAL WARNING: [Common 17-55] 'set_property' expects at least one object. [C:/Users/andy1/fpgaProjects/eeprom_reader/eeprom_reader.srcs/constrs_1/new/primary.xdc:40]
Resolution: If [get_<value>] was used to populate the object, check to make sure this command returns at least one valid object.
Finished Parsing XDC File [C:/Users/andy1/fpgaProjects/eeprom_reader/eeprom_reader.srcs/constrs_1/new/primary.xdc]
INFO: [Project 1-236] Implementation specific constraints were found while reading constraint file [C:/Users/andy1/fpgaProjects/eeprom_reader/eeprom_reader.srcs/constrs_1/new/primary.xdc]. These constraints will be ignored for synthesis but will be used in implementation. Impacted constraints are listed in the file [.Xil/top_design_wrapper_propImpl.xdc].
Resolution: To avoid this warning, move constraints listed in [.Xil/top_design_wrapper_propImpl.xdc] to another XDC file and exclude this new file from synthesis with the used_in_synthesis property (File Properties dialog in GUI) and re-run elaboration/synthesis.
Parsing XDC File [C:/Users/andy1/fpgaProjects/eeprom_reader/eeprom_reader.runs/synth_1/dont_touch.xdc]
Finished Parsing XDC File [C:/Users/andy1/fpgaProjects/eeprom_reader/eeprom_reader.runs/synth_1/dont_touch.xdc]
Completed Processing XDC Constraints

Netlist sorting complete. Time (s): cpu = 00:00:00 ; elapsed = 00:00:00 . Memory (MB): peak = 1296.613 ; gain = 0.000
INFO: [Project 1-111] Unisim Transformation Summary:
No Unisim elements were transformed.

Constraint Validation Runtime : Time (s): cpu = 00:00:00 ; elapsed = 00:00:00.003 . Memory (MB): peak = 1296.613 ; gain = 0.000
INFO: [Synth 8-11241] undeclared symbol 'REGCCE', assumed default net type 'wire' [C:/Xilinx/Vivado/2022.2/data/verilog/src/unimacro/BRAM_SINGLE_MACRO.v:2170]
---------------------------------------------------------------------------------
Finished Constraint Validation : Time (s): cpu = 00:00:21 ; elapsed = 00:00:23 . Memory (MB): peak = 1296.613 ; gain = 497.395
---------------------------------------------------------------------------------
---------------------------------------------------------------------------------
Start Loading Part and Timing Information
---------------------------------------------------------------------------------
Loading part: xc7s50csga324-1
---------------------------------------------------------------------------------
Finished Loading Part and Timing Information : Time (s): cpu = 00:00:21 ; elapsed = 00:00:23 . Memory (MB): peak = 1296.613 ; gain = 497.395
---------------------------------------------------------------------------------
---------------------------------------------------------------------------------
Start Applying 'set_property' XDC Constraints
---------------------------------------------------------------------------------
Applied set_property KEEP_HIERARCHY = SOFT for top_design_i. (constraint file  auto generated constraint).
Applied set_property KEEP_HIERARCHY = SOFT for top_design_i/top. (constraint file  auto generated constraint).
Applied set_property KEEP_HIERARCHY = SOFT for top_design_i/xlconstant_0. (constraint file  auto generated constraint).
---------------------------------------------------------------------------------
Finished applying 'set_property' XDC Constraints : Time (s): cpu = 00:00:21 ; elapsed = 00:00:24 . Memory (MB): peak = 1296.613 ; gain = 497.395
---------------------------------------------------------------------------------
---------------------------------------------------------------------------------
Start Preparing Guide Design
---------------------------------------------------------------------------------
CRITICAL WARNING: [Synth 8-6895] The reference checkpoint C:/Users/andy1/fpgaProjects/eeprom_reader/eeprom_reader.srcs/utils_1/imports/synth_1/top.dcp is not suitable for use with incremental synthesis for this design. Please regenerate the checkpoint for this design with -incremental_synth switch in the same Vivado session that synth_design has been run. Synthesis will continue with the default flow
---------------------------------------------------------------------------------
Finished Doing Graph Differ : Time (s): cpu = 00:00:21 ; elapsed = 00:00:24 . Memory (MB): peak = 1296.613 ; gain = 497.395
---------------------------------------------------------------------------------
---------------------------------------------------------------------------------
Finished Preparing Guide Design : Time (s): cpu = 00:00:21 ; elapsed = 00:00:24 . Memory (MB): peak = 1296.613 ; gain = 497.395
---------------------------------------------------------------------------------
---------------------------------------------------------------------------------
Finished RTL Optimization Phase 2 : Time (s): cpu = 00:00:21 ; elapsed = 00:00:24 . Memory (MB): peak = 1296.613 ; gain = 497.395
---------------------------------------------------------------------------------


Incremental Synthesis Report Summary:

1. Incremental synthesis run: no

   Reason for not running incremental synthesis : 


INFO: [Synth 8-7130] Flow is switching to default flow due to incremental criteria not met. If you would like to alter this behaviour and have the flow terminate instead, please set the following parameter config_implementation {autoIncr.Synth.RejectBehavior Terminate}
---------------------------------------------------------------------------------
Start RTL Component Statistics 
---------------------------------------------------------------------------------
Detailed RTL Component Info : 
---------------------------------------------------------------------------------
Finished RTL Component Statistics 
---------------------------------------------------------------------------------
---------------------------------------------------------------------------------
Start Part Resource Summary
---------------------------------------------------------------------------------
Part Resources:
DSPs: 120 (col length:60)
BRAMs: 150 (col length: RAMB18 60 RAMB36 30)
---------------------------------------------------------------------------------
Finished Part Resource Summary
---------------------------------------------------------------------------------
---------------------------------------------------------------------------------
Start Cross Boundary and Area Optimization
---------------------------------------------------------------------------------
WARNING: [Synth 8-7080] Parallel synthesis criteria is not met
WARNING: [Synth 8-7129] Port LED[3] in module top_design_top_0_0 is either unconnected or has no load
WARNING: [Synth 8-7129] Port LED[2] in module top_design_top_0_0 is either unconnected or has no load
WARNING: [Synth 8-7129] Port LED[1] in module top_design_top_0_0 is either unconnected or has no load
WARNING: [Synth 8-7129] Port CLK in module top_design_top_0_0 is either unconnected or has no load
---------------------------------------------------------------------------------
Finished Cross Boundary and Area Optimization : Time (s): cpu = 00:00:24 ; elapsed = 00:00:26 . Memory (MB): peak = 1296.613 ; gain = 497.395
---------------------------------------------------------------------------------
---------------------------------------------------------------------------------
Start Applying XDC Timing Constraints
---------------------------------------------------------------------------------
---------------------------------------------------------------------------------
Finished Applying XDC Timing Constraints : Time (s): cpu = 00:00:31 ; elapsed = 00:00:33 . Memory (MB): peak = 1296.613 ; gain = 497.395
---------------------------------------------------------------------------------
---------------------------------------------------------------------------------
Start Timing Optimization
---------------------------------------------------------------------------------
---------------------------------------------------------------------------------
Finished Timing Optimization : Time (s): cpu = 00:00:31 ; elapsed = 00:00:33 . Memory (MB): peak = 1296.613 ; gain = 497.395
---------------------------------------------------------------------------------
---------------------------------------------------------------------------------
Start Technology Mapping
---------------------------------------------------------------------------------
---------------------------------------------------------------------------------
Finished Technology Mapping : Time (s): cpu = 00:00:31 ; elapsed = 00:00:33 . Memory (MB): peak = 1296.613 ; gain = 497.395
---------------------------------------------------------------------------------
---------------------------------------------------------------------------------
Start IO Insertion
---------------------------------------------------------------------------------
---------------------------------------------------------------------------------
Start Flattening Before IO Insertion
---------------------------------------------------------------------------------
---------------------------------------------------------------------------------
Finished Flattening Before IO Insertion
---------------------------------------------------------------------------------
---------------------------------------------------------------------------------
Start Final Netlist Cleanup
---------------------------------------------------------------------------------
---------------------------------------------------------------------------------
Finished Final Netlist Cleanup
---------------------------------------------------------------------------------
---------------------------------------------------------------------------------
Finished IO Insertion : Time (s): cpu = 00:00:36 ; elapsed = 00:00:39 . Memory (MB): peak = 1296.613 ; gain = 497.395
---------------------------------------------------------------------------------
---------------------------------------------------------------------------------
Start Renaming Generated Instances
---------------------------------------------------------------------------------
---------------------------------------------------------------------------------
Finished Renaming Generated Instances : Time (s): cpu = 00:00:36 ; elapsed = 00:00:39 . Memory (MB): peak = 1296.613 ; gain = 497.395
---------------------------------------------------------------------------------
---------------------------------------------------------------------------------
Start Rebuilding User Hierarchy
---------------------------------------------------------------------------------
---------------------------------------------------------------------------------
Finished Rebuilding User Hierarchy : Time (s): cpu = 00:00:36 ; elapsed = 00:00:39 . Memory (MB): peak = 1296.613 ; gain = 497.395
---------------------------------------------------------------------------------
---------------------------------------------------------------------------------
Start Renaming Generated Ports
---------------------------------------------------------------------------------
---------------------------------------------------------------------------------
Finished Renaming Generated Ports : Time (s): cpu = 00:00:36 ; elapsed = 00:00:39 . Memory (MB): peak = 1296.613 ; gain = 497.395
---------------------------------------------------------------------------------
---------------------------------------------------------------------------------
Start Handling Custom Attributes
---------------------------------------------------------------------------------
---------------------------------------------------------------------------------
Finished Handling Custom Attributes : Time (s): cpu = 00:00:36 ; elapsed = 00:00:39 . Memory (MB): peak = 1296.613 ; gain = 497.395
---------------------------------------------------------------------------------
---------------------------------------------------------------------------------
Start Renaming Generated Nets
---------------------------------------------------------------------------------
---------------------------------------------------------------------------------
Finished Renaming Generated Nets : Time (s): cpu = 00:00:36 ; elapsed = 00:00:39 . Memory (MB): peak = 1296.613 ; gain = 497.395
---------------------------------------------------------------------------------
---------------------------------------------------------------------------------
Start Writing Synthesis Report
---------------------------------------------------------------------------------

Report BlackBoxes: 
+-+--------------+----------+
| |BlackBox name |Instances |
+-+--------------+----------+
+-+--------------+----------+

Report Cell Usage: 
+------+-----+------+
|      |Cell |Count |
+------+-----+------+
|1     |IBUF |     1|
|2     |OBUF |     6|
+------+-----+------+
---------------------------------------------------------------------------------
Finished Writing Synthesis Report : Time (s): cpu = 00:00:36 ; elapsed = 00:00:39 . Memory (MB): peak = 1296.613 ; gain = 497.395
---------------------------------------------------------------------------------
Synthesis finished with 0 errors, 1 critical warnings and 5 warnings.
Synthesis Optimization Runtime : Time (s): cpu = 00:00:24 ; elapsed = 00:00:36 . Memory (MB): peak = 1296.613 ; gain = 497.395
Synthesis Optimization Complete : Time (s): cpu = 00:00:37 ; elapsed = 00:00:39 . Memory (MB): peak = 1296.613 ; gain = 497.395
INFO: [Project 1-571] Translating synthesized netlist
Netlist sorting complete. Time (s): cpu = 00:00:00 ; elapsed = 00:00:00 . Memory (MB): peak = 1306.926 ; gain = 0.000
INFO: [Project 1-570] Preparing netlist for logic optimization
INFO: [Opt 31-138] Pushed 0 inverter(s) to 0 load pin(s).
Netlist sorting complete. Time (s): cpu = 00:00:00 ; elapsed = 00:00:00 . Memory (MB): peak = 1314.512 ; gain = 0.000
INFO: [Project 1-111] Unisim Transformation Summary:
No Unisim elements were transformed.

Synth Design complete, checksum: fa91b6da
INFO: [Common 17-83] Releasing license: Synthesis
36 Infos, 12 Warnings, 2 Critical Warnings and 0 Errors encountered.
synth_design completed successfully
synth_design: Time (s): cpu = 00:00:45 ; elapsed = 00:00:59 . Memory (MB): peak = 1314.512 ; gain = 892.164
INFO: [runtcl-6] Synthesis results are not added to the cache due to CRITICAL_WARNING
INFO: [Common 17-1381] The checkpoint 'C:/Users/andy1/fpgaProjects/eeprom_reader/eeprom_reader.runs/synth_1/top_design_wrapper.dcp' has been generated.
INFO: [runtcl-4] Executing : report_utilization -file top_design_wrapper_utilization_synth.rpt -pb top_design_wrapper_utilization_synth.pb
INFO: [Common 17-206] Exiting Vivado at Wed May 24 15:15:49 2023...
